{
  "RSpec": {
    "coverage": {
      "/Users/sohamchetan/Documents/Wealth/lib/money.rb": [
        1
      ],
      "/Users/sohamchetan/Documents/Wealth/lib/money/currency.rb": [
        null,
        null,
        1,
        null,
        1,
        null,
        1,
        11,
        null,
        null,
        1,
        4,
        null,
        null,
        1,
        2,
        null,
        null,
        1,
        0,
        null,
        null,
        1,
        8,
        null,
        null,
        1,
        1,
        null,
        null,
        1,
        null,
        1,
        1,
        null,
        null
      ]
    },
    "timestamp": 1422852490
  }
}
