{
  "RSpec": {
    "coverage": {
      "/Users/sohamchetan/Documents/Wealth/lib/money.rb": [
        1
      ],
      "/Users/sohamchetan/Documents/Wealth/lib/money/currency.rb": [
        null,
        null,
        1,
        null,
        1,
        null,
        1,
        29,
        null,
        null,
        1,
        9,
        null,
        null,
        1,
        4,
        null,
        null,
        1,
        7,
        null,
        null,
        1,
        1,
        null,
        null,
        1,
        11,
        9,
        null,
        null,
        1,
        1,
        null,
        null,
        1,
        null,
        1,
        1,
        null,
        null
      ]
    },
    "timestamp": 1422855243
  }
}
